[0m12:38:42.169613 [debug] [MainThread]: Sending event: {'category': 'dbt', 'action': 'invocation', 'label': 'start', 'context': [<snowplow_tracker.self_describing_json.SelfDescribingJson object at 0x000001C5D858F950>, <snowplow_tracker.self_describing_json.SelfDescribingJson object at 0x000001C5DBE68D50>, <snowplow_tracker.self_describing_json.SelfDescribingJson object at 0x000001C5DBE6AF50>]}


============================== 12:38:42.174376 | 41ee66bb-e7f9-436d-a580-8a41f9b481aa ==============================
[0m12:38:42.174376 [info ] [MainThread]: Running with dbt=1.11.8
[0m12:38:42.175356 [debug] [MainThread]: running dbt with arguments {'version_check': 'True', 'no_print': 'None', 'static_parser': 'True', 'warn_error_options': 'WarnErrorOptionsV2(error=[], warn=[], silence=[])', 'target_path': 'None', 'printer_width': '80', 'write_json': 'True', 'introspect': 'True', 'log_cache_events': 'False', 'empty': 'None', 'cache_selected_only': 'False', 'fail_fast': 'False', 'debug': 'False', 'log_format': 'default', 'profiles_dir': 'C:\\Users\\Norfirg SRL\\.dbt', 'send_anonymous_usage_stats': 'True', 'quiet': 'False', 'warn_error': 'None', 'partial_parse': 'True', 'indirect_selection': 'eager', 'invocation_command': 'dbt init norfrig_dbt', 'use_colors': 'True', 'use_experimental_parser': 'False', 'log_path': 'logs'}
[0m12:38:42.199492 [info ] [MainThread]: Creating dbt configuration folder at C:\Users\Norfirg SRL\.dbt
[0m12:38:42.201801 [debug] [MainThread]: Starter project path: C:\Users\Norfirg SRL\Desktop\Norfrig BI 2\norfrig-bi-v2\.venv311\Lib\site-packages\dbt\include\starter_project
[0m12:38:42.267087 [info ] [MainThread]: 
Your new dbt project "norfrig_dbt" was created!

For more information on how to configure the profiles.yml file,
please consult the dbt documentation here:

  https://docs.getdbt.com/docs/configure-your-profile

One more thing:

Need help? Don't hesitate to reach out to us via GitHub issues or on Slack:

  https://community.getdbt.com/

Happy modeling!

[0m12:38:42.267904 [info ] [MainThread]: Setting up your profile.
[0m12:41:23.900030 [info ] [MainThread]: Profile norfrig_dbt written to C:\Users\Norfirg SRL\.dbt\profiles.yml using target's profile_template.yml and your supplied values. Run 'dbt debug' to validate the connection.
[0m12:41:23.902030 [debug] [MainThread]: Command `dbt init` succeeded at 12:41:23.902030 after 161.80 seconds
[0m12:41:23.902030 [debug] [MainThread]: Sending event: {'category': 'dbt', 'action': 'invocation', 'label': 'end', 'context': [<snowplow_tracker.self_describing_json.SelfDescribingJson object at 0x000001C5DBE6A990>, <snowplow_tracker.self_describing_json.SelfDescribingJson object at 0x000001C5D5354650>, <snowplow_tracker.self_describing_json.SelfDescribingJson object at 0x000001C5DCEA3DD0>]}
[0m12:41:23.903029 [debug] [MainThread]: Flushing usage events
[0m12:41:24.798996 [debug] [MainThread]: An error was encountered while trying to flush usage events
